<?xml version="1.0" encoding="UTF-8"?>
<!-- Generated by org.testng.reporters.JUnitReportReporter -->
<testsuite hostname="priyaranjan" failures="0" tests="1" name="crudOperationWithBDD.DeleteProjectTest" time="2.672" errors="0" timestamp="2022-09-02T22:42:05 IST" skipped="0">
  <testcase classname="crudOperationWithBDD.DeleteProjectTest" name="deleteproject" time="2.672"/>
  <system-out/>
</testsuite> <!-- crudOperationWithBDD.DeleteProjectTest -->
