<?xml version="1.0" encoding="UTF-8"?>
<!-- Generated by org.testng.reporters.JUnitReportReporter -->
<testsuite hostname="priyaranjan" failures="0" tests="1" name="crm.reqrescrud.test.CreateUsingBDDTest" time="5.442" errors="0" timestamp="2022-09-05T10:56:09 IST" skipped="0">
  <testcase classname="crm.reqrescrud.test.CreateUsingBDDTest" name="createaproject" time="5.442"/>
  <system-out/>
</testsuite> <!-- crm.reqrescrud.test.CreateUsingBDDTest -->
