<?xml version="1.0" encoding="UTF-8"?>
<!-- Generated by org.testng.reporters.JUnitReportReporter -->
<testsuite hostname="priyaranjan" failures="0" tests="1" name="RestApiAuthenification.Oauth2indirect" time="3.447" errors="0" timestamp="2022-09-03T19:16:09 IST" skipped="0">
  <testcase classname="RestApiAuthenification.Oauth2indirect" name="indirect" time="3.447"/>
  <system-out/>
</testsuite> <!-- RestApiAuthenification.Oauth2indirect -->
