<?xml version="1.0" encoding="UTF-8"?>
<!-- Generated by org.testng.reporters.JUnitReportReporter -->
<testsuite hostname="priyaranjan" failures="0" tests="1" name="RestApiParatemeters.GetaSingleProjectUsingPathParameter" time="2.735" errors="0" timestamp="2022-09-03T16:10:09 IST" skipped="0">
  <testcase classname="RestApiParatemeters.GetaSingleProjectUsingPathParameter" name="getprojectusingpathparameter" time="2.735"/>
  <system-out/>
</testsuite> <!-- RestApiParatemeters.GetaSingleProjectUsingPathParameter -->
