<?xml version="1.0" encoding="UTF-8"?>
<!-- Generated by org.testng.reporters.JUnitReportReporter -->
<testsuite hostname="priyaranjan" failures="0" tests="1" name="com.RestAssuredUsingFramework.test.GetaSingleProjectTest" time="2.528" errors="0" timestamp="2022-09-07T14:28:20 IST" skipped="0">
  <testcase classname="com.RestAssuredUsingFramework.test.GetaSingleProjectTest" name="getasingleproject" time="2.528"/>
  <system-out/>
</testsuite> <!-- com.RestAssuredUsingFramework.test.GetaSingleProjectTest -->
