<?xml version="1.0" encoding="UTF-8"?>
<!-- Generated by org.testng.reporters.JUnitReportReporter -->
<testsuite hostname="priyaranjan" failures="0" tests="1" name="crudOperationWithoutBDD.GetAllProjectTest" time="3.172" errors="0" timestamp="2022-09-02T22:08:08 IST" skipped="0">
  <testcase classname="crudOperationWithoutBDD.GetAllProjectTest" name="getallprojects" time="3.172"/>
  <system-out/>
</testsuite> <!-- crudOperationWithoutBDD.GetAllProjectTest -->
