<?xml version="1.0" encoding="UTF-8"?>
<!-- Generated by org.testng.reporters.JUnitReportReporter -->
<testsuite hostname="priyaranjan" failures="0" tests="1" name="crudOperationWithBDD.UpdateProjectTest" time="2.891" errors="0" timestamp="2022-09-02T22:41:35 IST" skipped="0">
  <testcase classname="crudOperationWithBDD.UpdateProjectTest" name="updateproject" time="2.891"/>
  <system-out/>
</testsuite> <!-- crudOperationWithBDD.UpdateProjectTest -->
