<?xml version="1.0" encoding="UTF-8"?>
<!-- Generated by org.testng.reporters.JUnitReportReporter -->
<testsuite hostname="priyaranjan" failures="0" tests="1" name="crudOperationWithBDD.GetaSingleProjectTest" time="2.626" errors="0" timestamp="2022-09-02T22:47:25 IST" skipped="0">
  <testcase classname="crudOperationWithBDD.GetaSingleProjectTest" name="getasingleproject" time="2.626"/>
  <system-out/>
</testsuite> <!-- crudOperationWithBDD.GetaSingleProjectTest -->
