<?xml version="1.0" encoding="UTF-8"?>
<!-- Generated by org.testng.reporters.JUnitReportReporter -->
<testsuite hostname="priyaranjan" failures="0" tests="1" name="com.RestAssuredUsingFramework.test.EndToEndScrenarioTest" time="24.133" errors="0" timestamp="2022-09-08T11:44:01 IST" skipped="0">
  <testcase classname="com.RestAssuredUsingFramework.test.EndToEndScrenarioTest" name="enetoend" time="24.133"/>
  <system-out/>
</testsuite> <!-- com.RestAssuredUsingFramework.test.EndToEndScrenarioTest -->
