<?xml version="1.0" encoding="UTF-8"?>
<!-- Generated by org.testng.reporters.JUnitReportReporter -->
<testsuite hostname="priyaranjan" failures="0" tests="1" name="com.posttechniques.test.CreateUsingPojoClassTest" time="3.114" errors="0" timestamp="2022-09-04T22:03:25 IST" skipped="0">
  <testcase classname="com.posttechniques.test.CreateUsingPojoClassTest" name="createusingpojoclass" time="3.114"/>
  <system-out/>
</testsuite> <!-- com.posttechniques.test.CreateUsingPojoClassTest -->
