<?xml version="1.0" encoding="UTF-8"?>
<!-- Generated by org.testng.reporters.JUnitReportReporter -->
<testsuite hostname="priyaranjan" failures="0" tests="1" name="crm.reqrescrud.test.UserNotFoundTest" time="3.368" errors="0" timestamp="2022-09-05T11:32:09 IST" skipped="0">
  <testcase classname="crm.reqrescrud.test.UserNotFoundTest" name="usernotfound" time="3.368"/>
  <system-out/>
</testsuite> <!-- crm.reqrescrud.test.UserNotFoundTest -->
