<?xml version="1.0" encoding="UTF-8"?>
<!-- Generated by org.testng.reporters.JUnitReportReporter -->
<testsuite hostname="priyaranjan" failures="0" tests="1" name="crudOperationWithoutBDD.UpdateProjectTest" time="3.122" errors="0" timestamp="2022-09-01T17:40:18 IST" skipped="0">
  <testcase classname="crudOperationWithoutBDD.UpdateProjectTest" name="updateaproject" time="3.122"/>
  <system-out/>
</testsuite> <!-- crudOperationWithoutBDD.UpdateProjectTest -->
