<?xml version="1.0" encoding="UTF-8"?>
<!-- Generated by org.testng.reporters.JUnitReportReporter -->
<testsuite hostname="priyaranjan" failures="0" tests="1" name="crudOperationWithoutBDD.GetaSingleProjectTest" time="2.602" errors="0" timestamp="2022-09-01T17:44:57 IST" skipped="0">
  <testcase classname="crudOperationWithoutBDD.GetaSingleProjectTest" name="getasingleproject" time="2.602"/>
  <system-out/>
</testsuite> <!-- crudOperationWithoutBDD.GetaSingleProjectTest -->
