<?xml version="1.0" encoding="UTF-8"?>
<!-- Generated by org.testng.reporters.JUnitReportReporter -->
<testsuite hostname="priyaranjan" failures="0" tests="1" name="com.restapirequestchaining.test.PostAndUpdateTest" time="3.973" errors="0" timestamp="2022-09-05T16:18:26 IST" skipped="0">
  <testcase classname="com.restapirequestchaining.test.PostAndUpdateTest" name="postandupdate" time="3.973"/>
  <system-out/>
</testsuite> <!-- com.restapirequestchaining.test.PostAndUpdateTest -->
