<?xml version="1.0" encoding="UTF-8"?>
<!-- Generated by org.testng.reporters.JUnitReportReporter -->
<testsuite hostname="priyaranjan" failures="0" tests="1" name="com.restapirequestchaining.test.GetAndDeleteTest" time="3.771" errors="0" timestamp="2022-09-05T17:12:23 IST" skipped="0">
  <testcase classname="com.restapirequestchaining.test.GetAndDeleteTest" name="getanddelete" time="3.771"/>
  <system-out/>
</testsuite> <!-- com.restapirequestchaining.test.GetAndDeleteTest -->
