<?xml version="1.0" encoding="UTF-8"?>
<!-- Generated by org.testng.reporters.JUnitReportReporter -->
<testsuite hostname="priyaranjan" failures="0" tests="1" name="crm.reqrescrud.test.DeleteaProjectTest" time="4.283" errors="0" timestamp="2022-09-05T11:13:02 IST" skipped="0">
  <testcase classname="crm.reqrescrud.test.DeleteaProjectTest" name="deleteaproject" time="4.283"/>
  <system-out/>
</testsuite> <!-- crm.reqrescrud.test.DeleteaProjectTest -->
