<?xml version="1.0" encoding="UTF-8"?>
<!-- Generated by org.testng.reporters.JUnitReportReporter -->
<testsuite hostname="priyaranjan" failures="0" tests="1" name="crm.reqrescrud.test.GetaSingleUserTest" time="3.918" errors="0" timestamp="2022-09-05T11:18:55 IST" skipped="0">
  <testcase classname="crm.reqrescrud.test.GetaSingleUserTest" name="getasingleuser" time="3.918"/>
  <system-out/>
</testsuite> <!-- crm.reqrescrud.test.GetaSingleUserTest -->
