<?xml version="1.0" encoding="UTF-8"?>
<!-- Generated by org.testng.reporters.JUnitReportReporter -->
<testsuite hostname="priyaranjan" failures="0" tests="1" name="crm.reqrescrud.test.GetAllProjectsTest" time="3.164" errors="0" timestamp="2022-09-05T11:04:04 IST" skipped="0">
  <testcase classname="crm.reqrescrud.test.GetAllProjectsTest" name="getallprojects" time="3.164"/>
  <system-out/>
</testsuite> <!-- crm.reqrescrud.test.GetAllProjectsTest -->
