<?xml version="1.0" encoding="UTF-8"?>
<!-- Generated by org.testng.reporters.JUnitReportReporter -->
<testsuite hostname="priyaranjan" failures="0" tests="1" name="crm.reqrescrud.test.SingleResourceNotFoundTest" time="3.479" errors="0" timestamp="2022-09-05T11:36:14 IST" skipped="0">
  <testcase classname="crm.reqrescrud.test.SingleResourceNotFoundTest" name="singleresourcenotfound" time="3.479"/>
  <system-out/>
</testsuite> <!-- crm.reqrescrud.test.SingleResourceNotFoundTest -->
