<?xml version="1.0" encoding="UTF-8"?>
<!-- Generated by org.testng.reporters.JUnitReportReporter -->
<testsuite hostname="priyaranjan" failures="0" tests="1" name="com.posttechniques.test.CreateUsingHashMapTest" time="3.126" errors="0" timestamp="2022-09-04T21:58:21 IST" skipped="0">
  <testcase classname="com.posttechniques.test.CreateUsingHashMapTest" name="createusinghashmap" time="3.126"/>
  <system-out/>
</testsuite> <!-- com.posttechniques.test.CreateUsingHashMapTest -->
