<?xml version="1.0" encoding="UTF-8"?>
<!-- Generated by org.testng.reporters.JUnitReportReporter -->
<testsuite hostname="priyaranjan" failures="0" tests="1" name="com.restassuredvalidation.test.StaticValidationRmgyantraTest" time="3.476" errors="0" timestamp="2022-09-05T13:02:41 IST" skipped="0">
  <testcase classname="com.restassuredvalidation.test.StaticValidationRmgyantraTest" name="staticvalidationrmgyantra" time="3.476"/>
  <system-out/>
</testsuite> <!-- com.restassuredvalidation.test.StaticValidationRmgyantraTest -->
