<?xml version="1.0" encoding="UTF-8"?>
<!-- Generated by org.testng.reporters.JUnitReportReporter -->
<testsuite hostname="priyaranjan" failures="0" tests="1" name="com.restassuredvalidation.test.DynamicValidationRmgyantraTest" time="3.535" errors="0" timestamp="2022-09-05T13:26:13 IST" skipped="0">
  <testcase classname="com.restassuredvalidation.test.DynamicValidationRmgyantraTest" name="dynamicvalidation" time="3.535"/>
  <system-out/>
</testsuite> <!-- com.restassuredvalidation.test.DynamicValidationRmgyantraTest -->
