<?xml version="1.0" encoding="UTF-8"?>
<!-- Generated by org.testng.reporters.JUnitReportReporter -->
<testsuite hostname="priyaranjan" failures="0" tests="1" name="RestApiParatemeters.FormParameterTest" time="3.716" errors="0" timestamp="2022-09-03T19:50:45 IST" skipped="0">
  <testcase classname="RestApiParatemeters.FormParameterTest" name="formparameter" time="3.716"/>
  <system-out/>
</testsuite> <!-- RestApiParatemeters.FormParameterTest -->
