<?xml version="1.0" encoding="UTF-8"?>
<!-- Generated by org.testng.reporters.JUnitReportReporter -->
<testsuite hostname="priyaranjan" failures="0" tests="1" name="crm.reqrescrud.test.GetaSingleProjectTest" time="4.168" errors="0" timestamp="2022-09-05T11:04:26 IST" skipped="0">
  <testcase classname="crm.reqrescrud.test.GetaSingleProjectTest" name="getasingleresource" time="4.168"/>
  <system-out/>
</testsuite> <!-- crm.reqrescrud.test.GetaSingleProjectTest -->
