<?xml version="1.0" encoding="UTF-8"?>
<!-- Generated by org.testng.reporters.JUnitReportReporter -->
<testsuite hostname="priyaranjan" failures="0" tests="1" name="com.restapirequestchaining.test.PostAndDeleteTest" time="3.966" errors="0" timestamp="2022-09-05T16:53:28 IST" skipped="0">
  <testcase classname="com.restapirequestchaining.test.PostAndDeleteTest" name="postanddelete" time="3.966"/>
  <system-out/>
</testsuite> <!-- com.restapirequestchaining.test.PostAndDeleteTest -->
