<?xml version="1.0" encoding="UTF-8"?>
<!-- Generated by org.testng.reporters.JUnitReportReporter -->
<testsuite hostname="priyaranjan" failures="0" tests="1" name="com.posttechniques.test.PostUsingJsonObjectTest" time="3.252" errors="0" timestamp="2022-09-04T21:38:52 IST" skipped="0">
  <testcase classname="com.posttechniques.test.PostUsingJsonObjectTest" name="createusingjsonobject" time="3.252"/>
  <system-out/>
</testsuite> <!-- com.posttechniques.test.PostUsingJsonObjectTest -->
