<?xml version="1.0" encoding="UTF-8"?>
<!-- Generated by org.testng.reporters.JUnitReportReporter -->
<testsuite hostname="priyaranjan" failures="0" tests="1" name="com.RestAssuredUsingFramework.test.DeleteAProjectTest" time="2.578" errors="0" timestamp="2022-09-07T14:58:26 IST" skipped="0">
  <testcase classname="com.RestAssuredUsingFramework.test.DeleteAProjectTest" name="deleteaproject" time="2.578"/>
  <system-out/>
</testsuite> <!-- com.RestAssuredUsingFramework.test.DeleteAProjectTest -->
