<?xml version="1.0" encoding="UTF-8"?>
<!-- Generated by org.testng.reporters.JUnitReportReporter -->
<testsuite hostname="priyaranjan" failures="0" tests="1" name="crudOperationWithBDD.GetAllProjectsTest" time="4.196" errors="0" timestamp="2022-09-04T21:38:32 IST" skipped="0">
  <testcase classname="crudOperationWithBDD.GetAllProjectsTest" name="getallprojects" time="4.196"/>
  <system-out/>
</testsuite> <!-- crudOperationWithBDD.GetAllProjectsTest -->
