<?xml version="1.0" encoding="UTF-8"?>
<!-- Generated by org.testng.reporters.JUnitReportReporter -->
<testsuite hostname="priyaranjan" failures="0" tests="1" name="crudOperationWithoutBDD.DeleteProjectTest" time="2.446" errors="0" timestamp="2022-09-01T17:47:36 IST" skipped="0">
  <testcase classname="crudOperationWithoutBDD.DeleteProjectTest" name="deleteaproject" time="2.446"/>
  <system-out/>
</testsuite> <!-- crudOperationWithoutBDD.DeleteProjectTest -->
