<?xml version="1.0" encoding="UTF-8"?>
<!-- Generated by org.testng.reporters.JUnitReportReporter -->
<testsuite hostname="priyaranjan" failures="0" tests="1" name="RestApiParatemeters.QueryParameterTest" time="4.300" errors="0" timestamp="2022-09-03T17:08:17 IST" skipped="0">
  <testcase classname="RestApiParatemeters.QueryParameterTest" name="queryparameter" time="4.300"/>
  <system-out/>
</testsuite> <!-- RestApiParatemeters.QueryParameterTest -->
