<?xml version="1.0" encoding="UTF-8"?>
<!-- Generated by org.testng.reporters.JUnitReportReporter -->
<testsuite hostname="priyaranjan" failures="0" tests="1" name="com.restassuredvalidation.test.TimeValidationTest" time="4.222" errors="0" timestamp="2022-09-05T16:06:16 IST" skipped="0">
  <testcase classname="com.restassuredvalidation.test.TimeValidationTest" name="timevalidation" time="4.222"/>
  <system-out/>
</testsuite> <!-- com.restassuredvalidation.test.TimeValidationTest -->
