<?xml version="1.0" encoding="UTF-8"?>
<!-- Generated by org.testng.reporters.JUnitReportReporter -->
<testsuite hostname="priyaranjan" failures="0" tests="1" name="com.posttechniques.test.CreateUsingJsonFileTest" time="2.759" errors="0" timestamp="2022-09-04T21:52:10 IST" skipped="0">
  <testcase classname="com.posttechniques.test.CreateUsingJsonFileTest" name="createusingjsonfile" time="2.759"/>
  <system-out/>
</testsuite> <!-- com.posttechniques.test.CreateUsingJsonFileTest -->
