<?xml version="1.0" encoding="UTF-8"?>
<!-- Generated by org.testng.reporters.JUnitReportReporter -->
<testsuite hostname="priyaranjan" failures="0" tests="1" name="com.RestAssuredUsingFramework.test.getAllProjectsTest" time="2.805" errors="0" timestamp="2022-09-07T14:45:10 IST" skipped="0">
  <testcase classname="com.RestAssuredUsingFramework.test.getAllProjectsTest" name="getallprojects" time="2.805"/>
  <system-out/>
</testsuite> <!-- com.RestAssuredUsingFramework.test.getAllProjectsTest -->
