<?xml version="1.0" encoding="UTF-8"?>
<!-- Generated by org.testng.reporters.JUnitReportReporter -->
<testsuite hostname="priyaranjan" failures="0" tests="1" name="crm.reqrescrud.test.GetAllUsersTest" time="4.298" errors="0" timestamp="2022-09-05T13:31:06 IST" skipped="0">
  <testcase classname="crm.reqrescrud.test.GetAllUsersTest" name="getallusers" time="4.298"/>
  <system-out/>
</testsuite> <!-- crm.reqrescrud.test.GetAllUsersTest -->
