<?xml version="1.0" encoding="UTF-8"?>
<!-- Generated by org.testng.reporters.JUnitReportReporter -->
<testsuite hostname="priyaranjan" failures="0" tests="1" name="com.RestAssuredUsingFramework.test.UpdateAProjectTest" time="3.568" errors="0" timestamp="2022-09-07T15:06:02 IST" skipped="0">
  <testcase classname="com.RestAssuredUsingFramework.test.UpdateAProjectTest" name="updatteaproject" time="3.568"/>
  <system-out/>
</testsuite> <!-- com.RestAssuredUsingFramework.test.UpdateAProjectTest -->
