<?xml version="1.0" encoding="UTF-8"?>
<!-- Generated by org.testng.reporters.JUnitReportReporter -->
<testsuite hostname="priyaranjan" failures="0" tests="1" name="com.restapirequestchaining.test.RequestChainingTest" time="4.877" errors="0" timestamp="2022-09-05T16:06:28 IST" skipped="0">
  <testcase classname="com.restapirequestchaining.test.RequestChainingTest" name="requestchaining" time="4.877"/>
  <system-out/>
</testsuite> <!-- com.restapirequestchaining.test.RequestChainingTest -->
