<?xml version="1.0" encoding="UTF-8"?>
<!-- Generated by org.testng.reporters.JUnitReportReporter -->
<testsuite hostname="priyaranjan" failures="0" tests="1" name="crm.reqrescrud.test.updateaProjectTest" time="6.060" errors="0" timestamp="2022-09-05T11:10:22 IST" skipped="0">
  <testcase classname="crm.reqrescrud.test.updateaProjectTest" name="updateaproject" time="6.060"/>
  <system-out/>
</testsuite> <!-- crm.reqrescrud.test.updateaProjectTest -->
